<?xml version="1.0" encoding="UTF-8"?>
<!-- Generated by org.testng.reporters.JUnitReportReporter -->
<testsuite hostname="AJRL141" failures="0" tests="3" name="com.mqa.testcases.DataProvTest" time="0.033" errors="0" timestamp="27 Apr 2023 13:24:42 GMT" skipped="0">
  <testcase classname="com.mqa.testcases.DataProvTest" name="Test1" time="0.023"/>
  <testcase classname="com.mqa.testcases.DataProvTest" name="testing" time="0.006"/>
  <testcase classname="com.mqa.testcases.DataProvTest" name="testing" time="0.004"/>
</testsuite> <!-- com.mqa.testcases.DataProvTest -->
