<?xml version="1.0" encoding="UTF-8"?>
<!-- Generated by org.testng.reporters.JUnitReportReporter -->
<testsuite hostname="AJRL141" failures="0" tests="3" name="com.mqa.testcases.Sample" time="0.033" errors="0" timestamp="06 Apr 2023 06:04:17 GMT" skipped="0">
  <testcase classname="com.mqa.testcases.Sample" name="test1" time="0.009"/>
  <testcase classname="com.mqa.testcases.Sample" name="test2" time="0.015"/>
  <testcase classname="com.mqa.testcases.Sample" name="test3" time="0.009"/>
</testsuite> <!-- com.mqa.testcases.Sample -->
